<?xml version="1.0" encoding="UTF-8"?>
<!-- Generated by org.testng.reporters.JUnitXMLReporter -->
<testsuite hostname="DESKTOP-LPU85BR" ignored="1" name="Default test(failed)" tests="1" failures="1" timestamp="15 Jun 2021 04:05:26 GMT" time="25.07" errors="0">
  <testcase name="test1" time="9.831" classname="com.framwork.intro.Day13TestNGAssert">
    <failure type="java.lang.AssertionError" message="The following asserts failed:
	UserName is not equal expected [selenium] but found [Selenium]">
      <![CDATA[java.lang.AssertionError: The following asserts failed:
UserName is not equal expected [selenium] but found [Selenium]
at com.framwork.intro.Day13TestNGAssert.test1(Day13TestNGAssert.java:42)
... Removed 26 stack frames]]>
    </failure>
  </testcase> <!-- test1 -->
  <testcase name="test2" time="0.0" classname="com.framwork.intro.Day13TestNGAssert">
    <ignored/>
  </testcase> <!-- test2 -->
</testsuite> <!-- Default test(failed) -->
